Added Parameter Iout= to Part U?
Added Parameter Iout= to Implementation PCBLIB 0603_Res
Added Parameter Iout= to Implementation PCBLIB 0805_Res
Added Parameter Iout= to Implementation PCBLIB 0603_Res
Added Parameter Iout= to Implementation PCBLIB 0805_Res
Added Parameter Iout= to Part U?
Added Parameter Iout= to Library 
Added Parameter Vin= to Part U?
Added Parameter Vin= to Implementation PCBLIB 0603_Res
Added Parameter Vin= to Implementation PCBLIB 0805_Res
Added Parameter Vin= to Implementation PCBLIB 0603_Res
Added Parameter Vin= to Implementation PCBLIB 0805_Res
Added Parameter Vin= to Part U?
Added Parameter Vin= to Library 
Added Parameter Vout= to Part U?
Added Parameter Vout= to Implementation PCBLIB 0603_Res
Added Parameter Vout= to Implementation PCBLIB 0805_Res
Added Parameter Vout= to Implementation PCBLIB 0603_Res
Added Parameter Vout= to Implementation PCBLIB 0805_Res
Added Parameter Vout= to Part U?
Added Parameter Vout= to Library 
